0 info it worked if it ends with ok
1 verbose cli [ 'node', '/usr/bin/npm', 'install', 'testacular', '-g' ]
2 info using npm@2.5.0
3 info using node@v0.10.36
4 verbose node symlink /usr/bin/node
5 silly cache add args [ 'testacular', null ]
6 verbose cache add spec testacular
7 silly cache add parsed spec { raw: 'testacular',
7 silly cache add   scope: null,
7 silly cache add   name: 'testacular',
7 silly cache add   rawSpec: '',
7 silly cache add   spec: '*',
7 silly cache add   type: 'range' }
8 verbose addNamed testacular@*
9 silly addNamed semver.valid null
10 silly addNamed semver.validRange *
11 silly addNameRange { name: 'testacular', range: '*', hasData: false }
12 silly mapToRegistry name testacular
13 silly mapToRegistry using default registry
14 silly mapToRegistry registry https://registry.npmjs.org/
15 silly mapToRegistry uri https://registry.npmjs.org/testacular
16 verbose addNameRange registry:https://registry.npmjs.org/testacular not in flight; fetching
17 verbose request uri https://registry.npmjs.org/testacular
18 verbose request no auth needed
19 info attempt registry request try #1 at 18:44:50
20 verbose request id 7ec617dc27821f39
21 verbose etag "ELUVURC1BBTMR3SPE236KWOVK"
22 http request GET https://registry.npmjs.org/testacular
23 http 304 https://registry.npmjs.org/testacular
24 silly get cb [ 304,
24 silly get   { date: 'Wed, 25 Feb 2015 16:44:51 GMT',
24 silly get     server: 'Apache',
24 silly get     via: '1.1 varnish',
24 silly get     'last-modified': 'Wed, 25 Feb 2015 16:44:52 GMT',
24 silly get     'cache-control': 'max-age=60',
24 silly get     etag: '"ELUVURC1BBTMR3SPE236KWOVK"',
24 silly get     age: '0',
24 silly get     'x-served-by': 'cache-lcy1125-LCY',
24 silly get     'x-cache': 'MISS',
24 silly get     'x-cache-hits': '0',
24 silly get     'x-timer': 'S1424882691.533782,VS0,VE783',
24 silly get     vary: 'Accept',
24 silly get     'content-length': '0',
24 silly get     'keep-alive': 'timeout=10, max=50',
24 silly get     connection: 'Keep-Alive' } ]
25 verbose etag https://registry.npmjs.org/testacular from cache
26 verbose get saving testacular to /home/guy/.npm/registry.npmjs.org/testacular/.cache.json
27 silly addNameRange number 2 { name: 'testacular', range: '*', hasData: true }
28 silly addNameRange versions [ 'testacular',
28 silly addNameRange   [ '0.0.7',
28 silly addNameRange     '0.0.8',
28 silly addNameRange     '0.0.9',
28 silly addNameRange     '0.0.10',
28 silly addNameRange     '0.0.11',
28 silly addNameRange     '0.0.12',
28 silly addNameRange     '0.0.13',
28 silly addNameRange     '0.0.14',
28 silly addNameRange     '0.0.15',
28 silly addNameRange     '0.0.16',
28 silly addNameRange     '0.0.17',
28 silly addNameRange     '0.1.0',
28 silly addNameRange     '0.1.1',
28 silly addNameRange     '0.1.2',
28 silly addNameRange     '0.1.3',
28 silly addNameRange     '0.2.0',
28 silly addNameRange     '0.3.0',
28 silly addNameRange     '0.3.1',
28 silly addNameRange     '0.3.2',
28 silly addNameRange     '0.3.3',
28 silly addNameRange     '0.3.4',
28 silly addNameRange     '0.3.5',
28 silly addNameRange     '0.3.6',
28 silly addNameRange     '0.3.7',
28 silly addNameRange     '0.2.1',
28 silly addNameRange     '0.3.8',
28 silly addNameRange     '0.3.9',
28 silly addNameRange     '0.3.10',
28 silly addNameRange     '0.3.11',
28 silly addNameRange     '0.3.12',
28 silly addNameRange     '0.4.0',
28 silly addNameRange     '0.5.0',
28 silly addNameRange     '0.5.1',
28 silly addNameRange     '0.5.2',
28 silly addNameRange     '0.5.3',
28 silly addNameRange     '0.5.4',
28 silly addNameRange     '0.5.5',
28 silly addNameRange     '0.5.6',
28 silly addNameRange     '0.5.7',
28 silly addNameRange     '0.5.8',
28 silly addNameRange     '0.5.9',
28 silly addNameRange     '0.5.10',
28 silly addNameRange     '0.5.11',
28 silly addNameRange     '0.6.0',
28 silly addNameRange     '0.6.1',
28 silly addNameRange     '0.6.2' ] ]
29 verbose addNamed testacular@0.6.2
30 silly addNamed semver.valid 0.6.2
31 silly addNamed semver.validRange 0.6.2
32 silly mapToRegistry name testacular
33 silly mapToRegistry using default registry
34 silly mapToRegistry registry https://registry.npmjs.org/
35 silly mapToRegistry uri https://registry.npmjs.org/testacular
36 verbose addRemoteTarball https://registry.npmjs.org/testacular/-/testacular-0.6.2.tgz not in flight; adding
37 verbose addRemoteTarball [ 'https://registry.npmjs.org/testacular/-/testacular-0.6.2.tgz',
37 verbose addRemoteTarball   '0b3e9f1c3ab41d505b158d6557a1beacd72db129' ]
38 info retry fetch attempt 1 at 18:44:52
39 info attempt registry request try #1 at 18:44:52
40 http fetch GET https://registry.npmjs.org/testacular/-/testacular-0.6.2.tgz
41 http fetch 200 https://registry.npmjs.org/testacular/-/testacular-0.6.2.tgz
42 silly fetchAndShaCheck shasum 0b3e9f1c3ab41d505b158d6557a1beacd72db129
43 verbose addTmpTarball /tmp/npm-2145-e6c89a31/registry.npmjs.org/testacular/-/testacular-0.6.2.tgz not in flight; adding
44 verbose addTmpTarball already have metadata; skipping unpack for testacular@0.6.2
45 silly cache afterAdd testacular@0.6.2
46 verbose afterAdd /home/guy/.npm/testacular/0.6.2/package/package.json not in flight; writing
47 verbose afterAdd /home/guy/.npm/testacular/0.6.2/package/package.json written
48 silly install resolved [ { name: 'testacular',
48 silly install resolved     description: 'This project has been renamed to Karma.',
48 silly install resolved     homepage: 'http://karma-runner.github.com/',
48 silly install resolved     bugs: { url: 'https://github.com/karma-runner/karma/issues' },
48 silly install resolved     keywords:
48 silly install resolved      [ 'karma',
48 silly install resolved        'spectacular',
48 silly install resolved        'runner',
48 silly install resolved        'testacular',
48 silly install resolved        'js',
48 silly install resolved        'javascript',
48 silly install resolved        'testing',
48 silly install resolved        'test',
48 silly install resolved        'remote',
48 silly install resolved        'execution' ],
48 silly install resolved     author: { name: 'Vojta Jína', email: 'vojta.jina@gmail.com' },
48 silly install resolved     contributors:
48 silly install resolved      [ [Object],
48 silly install resolved        [Object],
48 silly install resolved        [Object],
48 silly install resolved        [Object],
48 silly install resolved        [Object],
48 silly install resolved        [Object],
48 silly install resolved        [Object],
48 silly install resolved        [Object],
48 silly install resolved        [Object],
48 silly install resolved        [Object],
48 silly install resolved        [Object],
48 silly install resolved        [Object],
48 silly install resolved        [Object],
48 silly install resolved        [Object],
48 silly install resolved        [Object],
48 silly install resolved        [Object],
48 silly install resolved        [Object],
48 silly install resolved        [Object],
48 silly install resolved        [Object],
48 silly install resolved        [Object],
48 silly install resolved        [Object],
48 silly install resolved        [Object],
48 silly install resolved        [Object],
48 silly install resolved        [Object],
48 silly install resolved        [Object],
48 silly install resolved        [Object],
48 silly install resolved        [Object],
48 silly install resolved        [Object],
48 silly install resolved        [Object],
48 silly install resolved        [Object],
48 silly install resolved        [Object],
48 silly install resolved        [Object],
48 silly install resolved        [Object],
48 silly install resolved        [Object],
48 silly install resolved        [Object] ],
48 silly install resolved     dependencies: {},
48 silly install resolved     devDependencies: {},
48 silly install resolved     repository: { type: 'git', url: 'git://github.com/karma-runner/karma.git' },
48 silly install resolved     main: './show-deprecated.js',
48 silly install resolved     bin: { testacular: './bin/testacular' },
48 silly install resolved     engines: { node: '~0.8 || ~0.10' },
48 silly install resolved     scripts: { install: 'node show-deprecated.js' },
48 silly install resolved     version: '0.6.2',
48 silly install resolved     readme: '# This project has been renamed to Karma.\n\n- http://karma-runner.github.com/\n- https://github.com/karma-runner/karma\n- https://npmjs.org/package/karma\n',
48 silly install resolved     readmeFilename: 'README.md',
48 silly install resolved     _id: 'testacular@0.6.2',
48 silly install resolved     dist:
48 silly install resolved      { shasum: '0b3e9f1c3ab41d505b158d6557a1beacd72db129',
48 silly install resolved        tarball: 'http://registry.npmjs.org/testacular/-/testacular-0.6.2.tgz' },
48 silly install resolved     _from: 'testacular@*',
48 silly install resolved     _npmVersion: '1.2.14',
48 silly install resolved     _npmUser: { name: 'vojtajina', email: 'vojta.jina@gmail.com' },
48 silly install resolved     maintainers: [ [Object] ],
48 silly install resolved     directories: {},
48 silly install resolved     _shasum: '0b3e9f1c3ab41d505b158d6557a1beacd72db129',
48 silly install resolved     _resolved: 'https://registry.npmjs.org/testacular/-/testacular-0.6.2.tgz' } ]
49 info install testacular@0.6.2 into /usr/lib
50 info installOne testacular@0.6.2
51 verbose installOne of testacular to /usr/lib not in flight; installing
52 warn locking Error: EACCES, open '/home/guy/.npm/_locks/testacular-a02d0ad3d7ca9c98.lock'
52 warn locking  /home/guy/.npm/_locks/testacular-a02d0ad3d7ca9c98.lock failed { [Error: EACCES, open '/home/guy/.npm/_locks/testacular-a02d0ad3d7ca9c98.lock']
52 warn locking   errno: 3,
52 warn locking   code: 'EACCES',
52 warn locking   path: '/home/guy/.npm/_locks/testacular-a02d0ad3d7ca9c98.lock' }
53 verbose stack Error: Attempt to unlock /usr/lib/node_modules/testacular, which hasn't been locked
53 verbose stack     at unlock (/usr/lib/node_modules/npm/lib/utils/locker.js:66:11)
53 verbose stack     at cb (/usr/lib/node_modules/npm/lib/install.js:929:5)
53 verbose stack     at /usr/lib/node_modules/npm/lib/install.js:933:20
53 verbose stack     at /usr/lib/node_modules/npm/lib/utils/locker.js:40:9
53 verbose stack     at cb (/usr/lib/node_modules/npm/node_modules/lockfile/lockfile.js:149:38)
53 verbose stack     at /usr/lib/node_modules/npm/node_modules/lockfile/lockfile.js:177:38
53 verbose stack     at Object.oncomplete (fs.js:108:15)
54 verbose cwd /home/guy/code/ngInfiniteScroll
55 error Linux 3.13.0-45-generic
56 error argv "node" "/usr/bin/npm" "install" "testacular" "-g"
57 error node v0.10.36
58 error npm  v2.5.0
59 error Attempt to unlock /usr/lib/node_modules/testacular, which hasn't been locked
60 error If you need help, you may report this error at:
60 error     <http://github.com/npm/npm/issues>
61 verbose exit [ 1, true ]
